<?xml version="1.0" encoding="UTF-8"?>
<!-- Generated by org.testng.reporters.JUnitXMLReporter -->
<testsuite ignored="0" hostname="DESKTOP-FS3NC9J" failures="0" tests="3" name="Default test" time="189.544" errors="0" timestamp="2021-12-31T21:20:29 IST">
  <testcase classname="com.mystore.testcase.LoginPageTest" name="LoginPage" time="38.334"/>
  <testcase classname="com.mystore.testcase.LoginPageTest" name="LoginPage" time="36.66"/>
  <testcase classname="com.mystore.testcase.LoginPageTest" name="LoginPage" time="33.365"/>
</testsuite> <!-- Default test -->
