<?xml version="1.0" encoding="UTF-8"?>
<testng-results ignored="0" total="2" passed="2" failed="0" skipped="0">
  <reporter-output>
  </reporter-output>
  <suite started-at="2022-01-06T15:43:50 IST" name="Suite" finished-at="2022-01-06T15:44:36 IST" duration-ms="45819">
    <groups>
      <group name="smoke">
        <method signature="IndexPageTest.verifylogo()[pri:0, instance:com.mystore.testcase.IndexPageTest@72cde7cc]" name="verifylogo" class="com.mystore.testcase.IndexPageTest"/>
      </group> <!-- smoke -->
      <group name="Smoke">
        <method signature="IndexPageTest.verifyTitle()[pri:0, instance:com.mystore.testcase.IndexPageTest@72cde7cc]" name="verifyTitle" class="com.mystore.testcase.IndexPageTest"/>
      </group> <!-- Smoke -->
    </groups>
    <test started-at="2022-01-06T15:43:50 IST" name="All Test" finished-at="2022-01-06T15:44:36 IST" duration-ms="45819">
      <class name="com.mystore.testcase.IndexPageTest">
        <test-method is-config="true" signature="loadConfig()[pri:0, instance:com.mystore.testcase.IndexPageTest@72cde7cc]" started-at="2022-01-06T15:43:49 IST" name="loadConfig" finished-at="2022-01-06T15:43:50 IST" duration-ms="886" status="PASS">
          <reporter-output>
          </reporter-output>
        </test-method> <!-- loadConfig -->
        <test-method is-config="true" signature="luanchApp(java.lang.String)[pri:0, instance:com.mystore.testcase.IndexPageTest@72cde7cc]" started-at="2022-01-06T15:43:50 IST" name="luanchApp" finished-at="2022-01-06T15:44:07 IST" duration-ms="17093" status="PASS">
          <params>
            <param index="0">
              <value>
                <![CDATA[Chrome]]>
              </value>
            </param>
          </params>
          <reporter-output>
          </reporter-output>
        </test-method> <!-- luanchApp -->
        <test-method signature="verifyTitle()[pri:0, instance:com.mystore.testcase.IndexPageTest@72cde7cc]" started-at="2022-01-06T15:44:07 IST" name="verifyTitle" finished-at="2022-01-06T15:44:07 IST" duration-ms="39" status="PASS">
          <reporter-output>
          </reporter-output>
        </test-method> <!-- verifyTitle -->
        <test-method is-config="true" signature="teardown()[pri:0, instance:com.mystore.testcase.IndexPageTest@72cde7cc]" started-at="2022-01-06T15:44:07 IST" name="teardown" finished-at="2022-01-06T15:44:08 IST" duration-ms="662" status="PASS">
          <reporter-output>
          </reporter-output>
        </test-method> <!-- teardown -->
        <test-method is-config="true" signature="luanchApp(java.lang.String)[pri:0, instance:com.mystore.testcase.IndexPageTest@72cde7cc]" started-at="2022-01-06T15:44:08 IST" name="luanchApp" finished-at="2022-01-06T15:44:26 IST" duration-ms="17590" status="PASS">
          <params>
            <param index="0">
              <value>
                <![CDATA[Chrome]]>
              </value>
            </param>
          </params>
          <reporter-output>
          </reporter-output>
        </test-method> <!-- luanchApp -->
        <test-method signature="verifylogo()[pri:0, instance:com.mystore.testcase.IndexPageTest@72cde7cc]" started-at="2022-01-06T15:44:26 IST" name="verifylogo" finished-at="2022-01-06T15:44:35 IST" duration-ms="9727" status="PASS">
          <reporter-output>
          </reporter-output>
        </test-method> <!-- verifylogo -->
        <test-method is-config="true" signature="teardown()[pri:0, instance:com.mystore.testcase.IndexPageTest@72cde7cc]" started-at="2022-01-06T15:44:35 IST" name="teardown" finished-at="2022-01-06T15:44:36 IST" duration-ms="681" status="PASS">
          <reporter-output>
          </reporter-output>
        </test-method> <!-- teardown -->
        <test-method is-config="true" signature="afterSuite()[pri:0, instance:com.mystore.testcase.IndexPageTest@72cde7cc]" started-at="2022-01-06T15:44:36 IST" name="afterSuite" finished-at="2022-01-06T15:44:36 IST" duration-ms="370" status="PASS">
          <reporter-output>
          </reporter-output>
        </test-method> <!-- afterSuite -->
      </class> <!-- com.mystore.testcase.IndexPageTest -->
    </test> <!-- All Test -->
  </suite> <!-- Suite -->
</testng-results>
