<?xml version="1.0" encoding="UTF-8"?>
<!-- Generated by org.testng.reporters.JUnitXMLReporter -->
<testsuite ignored="0" hostname="DESKTOP-FS3NC9J" failures="1" tests="2" name="All Test" time="52.439" errors="0" timestamp="2022-01-02T17:18:27 IST">
  <testcase classname="com.mystore.testcase.IndexPageTest" name="verifyTitle" time="0.018">
    <failure type="java.lang.AssertionError" message="expected [My Store1] but found [My Store]">
      <![CDATA[java.lang.AssertionError: expected [My Store1] but found [My Store]
at com.mystore.testcase.IndexPageTest.verifyTitle(IndexPageTest.java:45)
at java.base/java.util.ArrayList.forEach(ArrayList.java:1540)
... Removed 32 stack frames]]>
    </failure>
  </testcase> <!-- verifyTitle -->
  <testcase classname="com.mystore.testcase.IndexPageTest" name="verifylogo" time="2.925"/>
</testsuite> <!-- All Test -->
