<?xml version="1.0" encoding="UTF-8"?>
<!-- Generated by org.testng.reporters.JUnitXMLReporter -->
<testsuite ignored="22" hostname="DESKTOP-FS3NC9J" failures="0" tests="3" name="Sanity Test" time="248.358" errors="0" timestamp="2022-01-06T14:51:38 IST">
  <testcase classname="com.mystore.testcase.AddToCartPageTest" name="addToCartTest" time="41.106"/>
  <testcase classname="com.mystore.testcase.LoginPageTest" name="LoginPage" time="34.933"/>
  <testcase classname="com.mystore.testcase.LoginPageTest" name="LoginPage" time="44.792"/>
  <testcase classname="com.mystore.testcase.OrderPageTest" name="verifyTotalPrice" time="0.0">
    <ignored/>
  </testcase> <!-- verifyTotalPrice -->
  <testcase classname="com.mystore.testcase.HomePageTest" name="verifyhistorydetails" time="0.0">
    <ignored/>
  </testcase> <!-- verifyhistorydetails -->
  <testcase classname="com.mystore.testcase.HomePageTest" name="verifywishlist" time="0.0">
    <ignored/>
  </testcase> <!-- verifywishlist -->
  <testcase classname="com.mystore.base.BaseClass" name="@BeforeSuite loadConfig" time="0.0">
    <ignored/>
  </testcase> <!-- @BeforeSuite loadConfig -->
  <testcase classname="com.mystore.base.BaseClass" name="@BeforeSuite loadConfig" time="0.0">
    <ignored/>
  </testcase> <!-- @BeforeSuite loadConfig -->
  <testcase classname="com.mystore.base.BaseClass" name="@BeforeSuite loadConfig" time="0.0">
    <ignored/>
  </testcase> <!-- @BeforeSuite loadConfig -->
  <testcase classname="com.mystore.base.BaseClass" name="@BeforeSuite loadConfig" time="0.0">
    <ignored/>
  </testcase> <!-- @BeforeSuite loadConfig -->
  <testcase classname="com.mystore.base.BaseClass" name="@BeforeSuite loadConfig" time="0.0">
    <ignored/>
  </testcase> <!-- @BeforeSuite loadConfig -->
  <testcase classname="com.mystore.base.BaseClass" name="@BeforeSuite loadConfig" time="0.0">
    <ignored/>
  </testcase> <!-- @BeforeSuite loadConfig -->
  <testcase classname="com.mystore.base.BaseClass" name="@BeforeSuite loadConfig" time="0.0">
    <ignored/>
  </testcase> <!-- @BeforeSuite loadConfig -->
  <testcase classname="com.mystore.testcase.IndexPageTest" name="verifyTitle" time="0.0">
    <ignored/>
  </testcase> <!-- verifyTitle -->
  <testcase classname="com.mystore.testcase.IndexPageTest" name="verifylogo" time="0.0">
    <ignored/>
  </testcase> <!-- verifylogo -->
  <testcase classname="com.mystore.testcase.EndToEndTest" name="endtoendTest" time="0.0">
    <ignored/>
  </testcase> <!-- endtoendTest -->
  <testcase classname="com.mystore.base.BaseClass" name="@AfterSuite afterSuite" time="0.0">
    <ignored/>
  </testcase> <!-- @AfterSuite afterSuite -->
  <testcase classname="com.mystore.base.BaseClass" name="@AfterSuite afterSuite" time="0.0">
    <ignored/>
  </testcase> <!-- @AfterSuite afterSuite -->
  <testcase classname="com.mystore.base.BaseClass" name="@AfterSuite afterSuite" time="0.0">
    <ignored/>
  </testcase> <!-- @AfterSuite afterSuite -->
  <testcase classname="com.mystore.base.BaseClass" name="@AfterSuite afterSuite" time="0.0">
    <ignored/>
  </testcase> <!-- @AfterSuite afterSuite -->
  <testcase classname="com.mystore.base.BaseClass" name="@AfterSuite afterSuite" time="0.0">
    <ignored/>
  </testcase> <!-- @AfterSuite afterSuite -->
  <testcase classname="com.mystore.base.BaseClass" name="@AfterSuite afterSuite" time="0.0">
    <ignored/>
  </testcase> <!-- @AfterSuite afterSuite -->
  <testcase classname="com.mystore.base.BaseClass" name="@AfterSuite afterSuite" time="0.0">
    <ignored/>
  </testcase> <!-- @AfterSuite afterSuite -->
  <testcase classname="com.mystore.testcase.SearchResultPageTest" name="productAvailabilityTest" time="0.0">
    <ignored/>
  </testcase> <!-- productAvailabilityTest -->
  <testcase classname="com.mystore.testcase.AccountCreationPageTest" name="validateaccountpage" time="0.0">
    <ignored/>
  </testcase> <!-- validateaccountpage -->
</testsuite> <!-- Sanity Test -->
