<?xml version="1.0" encoding="UTF-8"?>
<!-- Generated by org.testng.reporters.JUnitXMLReporter -->
<testsuite ignored="20" hostname="DESKTOP-FS3NC9J" failures="0" tests="5" name="Smoke Test" time="144.972" errors="0" timestamp="2022-01-02T16:05:36 IST">
  <testcase classname="com.mystore.testcase.SearchResultPageTest" name="productAvailabilityTest" time="6.292"/>
  <testcase classname="com.mystore.testcase.IndexPageTest" name="verifyTitle" time="0.008"/>
  <testcase classname="com.mystore.testcase.LoginPageTest" name="LoginPage" time="16.059"/>
  <testcase classname="com.mystore.testcase.LoginPageTest" name="LoginPage" time="12.652"/>
  <testcase classname="com.mystore.testcase.HomePageTest" name="verifyhistorydetails" time="17.171"/>
  <testcase classname="com.mystore.testcase.OrderPageTest" name="verifyTotalPrice" time="0.0">
    <ignored/>
  </testcase> <!-- verifyTotalPrice -->
  <testcase classname="com.mystore.base.BaseClass" name="@BeforeTest loadconfig" time="0.0">
    <ignored/>
  </testcase> <!-- @BeforeTest loadconfig -->
  <testcase classname="com.mystore.base.BaseClass" name="@BeforeTest loadconfig" time="0.0">
    <ignored/>
  </testcase> <!-- @BeforeTest loadconfig -->
  <testcase classname="com.mystore.base.BaseClass" name="@BeforeTest loadconfig" time="0.0">
    <ignored/>
  </testcase> <!-- @BeforeTest loadconfig -->
  <testcase classname="com.mystore.base.BaseClass" name="@BeforeTest loadconfig" time="0.0">
    <ignored/>
  </testcase> <!-- @BeforeTest loadconfig -->
  <testcase classname="com.mystore.base.BaseClass" name="@BeforeTest loadconfig" time="0.0">
    <ignored/>
  </testcase> <!-- @BeforeTest loadconfig -->
  <testcase classname="com.mystore.base.BaseClass" name="@BeforeTest loadconfig" time="0.0">
    <ignored/>
  </testcase> <!-- @BeforeTest loadconfig -->
  <testcase classname="com.mystore.base.BaseClass" name="@BeforeTest loadconfig" time="0.0">
    <ignored/>
  </testcase> <!-- @BeforeTest loadconfig -->
  <testcase classname="com.mystore.testcase.AddToCartPageTest" name="addToCartTest" time="0.0">
    <ignored/>
  </testcase> <!-- addToCartTest -->
  <testcase classname="com.mystore.testcase.HomePageTest" name="verifywishlist" time="0.0">
    <ignored/>
  </testcase> <!-- verifywishlist -->
  <testcase classname="com.mystore.base.BaseClass" name="@BeforeSuite loadConfig" time="0.0">
    <ignored/>
  </testcase> <!-- @BeforeSuite loadConfig -->
  <testcase classname="com.mystore.base.BaseClass" name="@BeforeSuite loadConfig" time="0.0">
    <ignored/>
  </testcase> <!-- @BeforeSuite loadConfig -->
  <testcase classname="com.mystore.base.BaseClass" name="@BeforeSuite loadConfig" time="0.0">
    <ignored/>
  </testcase> <!-- @BeforeSuite loadConfig -->
  <testcase classname="com.mystore.base.BaseClass" name="@BeforeSuite loadConfig" time="0.0">
    <ignored/>
  </testcase> <!-- @BeforeSuite loadConfig -->
  <testcase classname="com.mystore.base.BaseClass" name="@BeforeSuite loadConfig" time="0.0">
    <ignored/>
  </testcase> <!-- @BeforeSuite loadConfig -->
  <testcase classname="com.mystore.base.BaseClass" name="@BeforeSuite loadConfig" time="0.0">
    <ignored/>
  </testcase> <!-- @BeforeSuite loadConfig -->
  <testcase classname="com.mystore.base.BaseClass" name="@BeforeSuite loadConfig" time="0.0">
    <ignored/>
  </testcase> <!-- @BeforeSuite loadConfig -->
  <testcase classname="com.mystore.testcase.IndexPageTest" name="verifylogo" time="0.0">
    <ignored/>
  </testcase> <!-- verifylogo -->
  <testcase classname="com.mystore.testcase.EndToEndTest" name="endtoendTest" time="0.0">
    <ignored/>
  </testcase> <!-- endtoendTest -->
  <testcase classname="com.mystore.testcase.AccountCreationPageTest" name="validateaccountpage" time="0.0">
    <ignored/>
  </testcase> <!-- validateaccountpage -->
</testsuite> <!-- Smoke Test -->
